#
# There is insufficient memory for the Java Runtime Environment to continue.
# Native memory allocation (mmap) failed to map 140509184 bytes for committing reserved memory.
# Possible reasons:
#   The system is out of physical RAM or swap space
#   In 32 bit mode, the process size limit was hit
# Possible solutions:
#   Reduce memory load on the system
#   Increase physical memory or swap space
#   Check if swap backing store is full
#   Use 64 bit Java on a 64 bit OS
#   Decrease Java heap size (-Xmx/-Xms)
#   Decrease number of Java threads
#   Decrease Java thread stack sizes (-Xss)
#   Set larger code cache with -XX:ReservedCodeCacheSize=
# This output file may be truncated or incomplete.
#
#  Out of Memory Error (os_linux.cpp:2627), pid=6414, tid=140359698835200
#
# JRE version: Java(TM) SE Runtime Environment (8.0_77-b03) (build 1.8.0_77-b03)
# Java VM: Java HotSpot(TM) 64-Bit Server VM (25.77-b03 mixed mode linux-amd64 compressed oops)
# Failed to write core dump. Core dumps have been disabled. To enable core dumping, try "ulimit -c unlimited" before starting Java again
#

---------------  T H R E A D  ---------------

Current thread (0x00007fa81c073800):  VMThread [stack: 0x00007fa809ed6000,0x00007fa809fd7000] [id=6430]

Stack: [0x00007fa809ed6000,0x00007fa809fd7000],  sp=0x00007fa809fd50e0,  free space=1020k
Native frames: (J=compiled Java code, j=interpreted, Vv=VM code, C=native code)
V  [libjvm.so+0xaba7ea]  VMError::report_and_die()+0x2ba
V  [libjvm.so+0x4f9e3b]  report_vm_out_of_memory(char const*, int, unsigned long, VMErrorType, char const*)+0x8b
V  [libjvm.so+0x91b613]  os::Linux::commit_memory_impl(char*, unsigned long, bool)+0x103
V  [libjvm.so+0x91bb69]  os::pd_commit_memory(char*, unsigned long, unsigned long, bool)+0x29
V  [libjvm.so+0x915e6a]  os::commit_memory(char*, unsigned long, unsigned long, bool)+0x2a
V  [libjvm.so+0x989543]  PSVirtualSpace::expand_by(unsigned long)+0x53
V  [libjvm.so+0x98a948]  PSYoungGen::resize_generation(unsigned long, unsigned long)+0xf8
V  [libjvm.so+0x989aa2]  PSYoungGen::resize(unsigned long, unsigned long)+0x22
V  [libjvm.so+0x986d7b]  PSScavenge::invoke_no_policy()+0xf3b
V  [libjvm.so+0x987501]  PSScavenge::invoke()+0x41
V  [libjvm.so+0x93f300]  ParallelScavengeHeap::failed_mem_allocate(unsigned long)+0x70
V  [libjvm.so+0xabc207]  VM_ParallelGCFailedAllocation::doit()+0x97
V  [libjvm.so+0xac3c35]  VM_Operation::evaluate()+0x55
V  [libjvm.so+0xac200a]  VMThread::evaluate_operation(VM_Operation*)+0xba
V  [libjvm.so+0xac238e]  VMThread::loop()+0x1ce
V  [libjvm.so+0xac2800]  VMThread::run()+0x70
V  [libjvm.so+0x91d9d8]  java_start(Thread*)+0x108

VM_Operation (0x00007fa823e55080): ParallelGCFailedAllocation, mode: safepoint, requested by thread 0x00007fa81c00a000


---------------  P R O C E S S  ---------------

Java Threads: ( => current thread )
  0x00007fa81c0cc000 JavaThread "Service Thread" daemon [_thread_blocked, id=6442, stack(0x00007fa8091ee000,0x00007fa8092ef000)]
  0x00007fa81c0b7800 JavaThread "C1 CompilerThread1" daemon [_thread_blocked, id=6441, stack(0x00007fa8092ef000,0x00007fa8093f0000)]
  0x00007fa81c0b4800 JavaThread "C2 CompilerThread0" daemon [_thread_blocked, id=6440, stack(0x00007fa8093f0000,0x00007fa8094f1000)]
  0x00007fa81c0b3000 JavaThread "Signal Dispatcher" daemon [_thread_blocked, id=6436, stack(0x00007fa8094f1000,0x00007fa8095f2000)]
  0x00007fa81c080000 JavaThread "Finalizer" daemon [_thread_blocked, id=6435, stack(0x00007fa809cd4000,0x00007fa809dd5000)]
  0x00007fa81c07b800 JavaThread "Reference Handler" daemon [_thread_blocked, id=6432, stack(0x00007fa809dd5000,0x00007fa809ed6000)]
  0x00007fa81c00a000 JavaThread "main" [_thread_blocked, id=6421, stack(0x00007fa823d56000,0x00007fa823e57000)]

Other Threads:
=>0x00007fa81c073800 VMThread [stack: 0x00007fa809ed6000,0x00007fa809fd7000] [id=6430]
  0x00007fa81c0d7000 WatcherThread [stack: 0x00007fa8090ed000,0x00007fa8091ee000] [id=6444]

VM state:at safepoint (normal execution)

VM Mutex/Monitor currently owned by a thread:  ([mutex/lock_event])
[0x00007fa81c006570] Threads_lock - owner thread: 0x00007fa81c073800
[0x00007fa81c006a70] Heap_lock - owner thread: 0x00007fa81c00a000

Heap:
 PSYoungGen      total 137216K, used 16889K [0x00000000eab00000, 0x00000000f4400000, 0x0000000100000000)
  eden space 120320K, 0% used [0x00000000eab00000,0x00000000eab00000,0x00000000f2080000)
  from space 16896K, 99% used [0x00000000f2080000,0x00000000f30fe528,0x00000000f3100000)
  to   space 14336K, 0% used [0x00000000f3100000,0x00000000f3100000,0x00000000f3f00000)
 ParOldGen       total 40960K, used 33354K [0x00000000c0000000, 0x00000000c2800000, 0x00000000eab00000)
  object space 40960K, 81% used [0x00000000c0000000,0x00000000c2092970,0x00000000c2800000)
 Metaspace       used 6377K, capacity 7152K, committed 7296K, reserved 1056768K
  class space    used 594K, capacity 616K, committed 640K, reserved 1048576K

Card table byte_map: [0x00007fa820915000,0x00007fa820b16000] byte_map_base: 0x00007fa820315000

Marking Bits: (ParMarkBitMap*) 0x00007fa82322b100
 Begin Bits: [0x00007fa80b000000, 0x00007fa80c000000)
 End Bits:   [0x00007fa80c000000, 0x00007fa80d000000)

Polling page: 0x00007fa823e72000

CodeCache: size=245760Kb used=7569Kb max_used=7569Kb free=238190Kb
 bounds [0x00007fa80d000000, 0x00007fa80d770000, 0x00007fa81c000000]
 total_blobs=2313 nmethods=2045 adapters=182
 compilation: enabled

Compilation events (10 events):
Event: 10,580 Thread 0x00007fa81c0b7800 2339       3       java.util.HashMap$HashIterator::<init> (79 bytes)
Event: 10,580 Thread 0x00007fa81c0b7800 nmethod 2339 0x00007fa80d761290 code [0x00007fa80d761400, 0x00007fa80d761790]
Event: 10,583 Thread 0x00007fa81c0b7800 2340 %     3       com.android.dx.dex.code.StdCatchBuilder::hasAnyCatches @ 15 (57 bytes)
Event: 10,584 Thread 0x00007fa81c0b7800 nmethod 2340% 0x00007fa80d761910 code [0x00007fa80d761b20, 0x00007fa80d762878]
Event: 10,584 Thread 0x00007fa81c0b7800 2341       3       com.android.dx.dex.code.StdCatchBuilder::hasAnyCatches (57 bytes)
Event: 10,585 Thread 0x00007fa81c0b7800 nmethod 2341 0x00007fa80d762e10 code [0x00007fa80d763020, 0x00007fa80d763d18]
Event: 10,589 Thread 0x00007fa81c0b7800 2342 %     3       com.android.dx.dex.code.OutputFinisher::addConstants @ 47 (93 bytes)
Event: 10,590 Thread 0x00007fa81c0b7800 nmethod 2342% 0x00007fa80d764250 code [0x00007fa80d7644a0, 0x00007fa80d7656f8]
Event: 10,590 Thread 0x00007fa81c0b7800 2343       3       com.android.dx.dex.code.OutputFinisher::addConstants (93 bytes)
Event: 10,591 Thread 0x00007fa81c0b7800 nmethod 2343 0x00007fa80d765d90 code [0x00007fa80d765fe0, 0x00007fa80d767178]

GC Heap History (10 events):
Event: 3,546 GC heap after
Heap after GC invocations=2 (full 0):
 PSYoungGen      total 33280K, used 2538K [0x00000000eab00000, 0x00000000ece00000, 0x0000000100000000)
  eden space 30720K, 0% used [0x00000000eab00000,0x00000000eab00000,0x00000000ec900000)
  from space 2560K, 99% used [0x00000000ecb80000,0x00000000ecdfaa90,0x00000000ece00000)
  to   space 2560K, 0% used [0x00000000ec900000,0x00000000ec900000,0x00000000ecb80000)
 ParOldGen       total 40960K, used 1825K [0x00000000c0000000, 0x00000000c2800000, 0x00000000eab00000)
  object space 40960K, 4% used [0x00000000c0000000,0x00000000c01c8418,0x00000000c2800000)
 Metaspace       used 5648K, capacity 6640K, committed 6784K, reserved 1056768K
  class space    used 585K, capacity 616K, committed 640K, reserved 1048576K
}
Event: 4,727 GC heap before
{Heap before GC invocations=3 (full 0):
 PSYoungGen      total 33280K, used 33258K [0x00000000eab00000, 0x00000000ece00000, 0x0000000100000000)
  eden space 30720K, 100% used [0x00000000eab00000,0x00000000ec900000,0x00000000ec900000)
  from space 2560K, 99% used [0x00000000ecb80000,0x00000000ecdfaa90,0x00000000ece00000)
  to   space 2560K, 0% used [0x00000000ec900000,0x00000000ec900000,0x00000000ecb80000)
 ParOldGen       total 40960K, used 1825K [0x00000000c0000000, 0x00000000c2800000, 0x00000000eab00000)
  object space 40960K, 4% used [0x00000000c0000000,0x00000000c01c8418,0x00000000c2800000)
 Metaspace       used 5779K, capacity 6768K, committed 7040K, reserved 1056768K
  class space    used 587K, capacity 616K, committed 640K, reserved 1048576K
Event: 4,784 GC heap after
Heap after GC invocations=3 (full 0):
 PSYoungGen      total 33280K, used 2528K [0x00000000eab00000, 0x00000000eec00000, 0x0000000100000000)
  eden space 30720K, 0% used [0x00000000eab00000,0x00000000eab00000,0x00000000ec900000)
  from space 2560K, 98% used [0x00000000ec900000,0x00000000ecb78010,0x00000000ecb80000)
  to   space 2560K, 0% used [0x00000000ee980000,0x00000000ee980000,0x00000000eec00000)
 ParOldGen       total 40960K, used 6454K [0x00000000c0000000, 0x00000000c2800000, 0x00000000eab00000)
  object space 40960K, 15% used [0x00000000c0000000,0x00000000c064da80,0x00000000c2800000)
 Metaspace       used 5779K, capacity 6768K, committed 7040K, reserved 1056768K
  class space    used 587K, capacity 616K, committed 640K, reserved 1048576K
}
Event: 5,329 GC heap before
{Heap before GC invocations=4 (full 0):
 PSYoungGen      total 33280K, used 33248K [0x00000000eab00000, 0x00000000eec00000, 0x0000000100000000)
  eden space 30720K, 100% used [0x00000000eab00000,0x00000000ec900000,0x00000000ec900000)
  from space 2560K, 98% used [0x00000000ec900000,0x00000000ecb78010,0x00000000ecb80000)
  to   space 2560K, 0% used [0x00000000ee980000,0x00000000ee980000,0x00000000eec00000)
 ParOldGen       total 40960K, used 6454K [0x00000000c0000000, 0x00000000c2800000, 0x00000000eab00000)
  object space 40960K, 15% used [0x00000000c0000000,0x00000000c064da80,0x00000000c2800000)
 Metaspace       used 5821K, capacity 6768K, committed 7040K, reserved 1056768K
  class space    used 588K, capacity 616K, committed 640K, reserved 1048576K
Event: 5,375 GC heap after
Heap after GC invocations=4 (full 0):
 PSYoungGen      total 64000K, used 2560K [0x00000000eab00000, 0x00000000eec00000, 0x0000000100000000)
  eden space 61440K, 0% used [0x00000000eab00000,0x00000000eab00000,0x00000000ee700000)
  from space 2560K, 100% used [0x00000000ee980000,0x00000000eec00000,0x00000000eec00000)
  to   space 2560K, 0% used [0x00000000ee700000,0x00000000ee700000,0x00000000ee980000)
 ParOldGen       total 40960K, used 11606K [0x00000000c0000000, 0x00000000c2800000, 0x00000000eab00000)
  object space 40960K, 28% used [0x00000000c0000000,0x00000000c0b559e8,0x00000000c2800000)
 Metaspace       used 5821K, capacity 6768K, committed 7040K, reserved 1056768K
  class space    used 588K, capacity 616K, committed 640K, reserved 1048576K
}
Event: 6,385 GC heap before
{Heap before GC invocations=5 (full 0):
 PSYoungGen      total 64000K, used 64000K [0x00000000eab00000, 0x00000000eec00000, 0x0000000100000000)
  eden space 61440K, 100% used [0x00000000eab00000,0x00000000ee700000,0x00000000ee700000)
  from space 2560K, 100% used [0x00000000ee980000,0x00000000eec00000,0x00000000eec00000)
  to   space 2560K, 0% used [0x00000000ee700000,0x00000000ee700000,0x00000000ee980000)
 ParOldGen       total 40960K, used 11606K [0x00000000c0000000, 0x00000000c2800000, 0x00000000eab00000)
  object space 40960K, 28% used [0x00000000c0000000,0x00000000c0b559e8,0x00000000c2800000)
 Metaspace       used 5882K, capacity 6832K, committed 7040K, reserved 1056768K
  class space    used 588K, capacity 616K, committed 640K, reserved 1048576K
Event: 6,530 GC heap after
Heap after GC invocations=5 (full 0):
 PSYoungGen      total 64000K, used 2547K [0x00000000eab00000, 0x00000000f3f00000, 0x0000000100000000)
  eden space 61440K, 0% used [0x00000000eab00000,0x00000000eab00000,0x00000000ee700000)
  from space 2560K, 99% used [0x00000000ee700000,0x00000000ee97cea8,0x00000000ee980000)
  to   space 14336K, 0% used [0x00000000f3100000,0x00000000f3100000,0x00000000f3f00000)
 ParOldGen       total 40960K, used 20817K [0x00000000c0000000, 0x00000000c2800000, 0x00000000eab00000)
  object space 40960K, 50% used [0x00000000c0000000,0x00000000c14546e8,0x00000000c2800000)
 Metaspace       used 5882K, capacity 6832K, committed 7040K, reserved 1056768K
  class space    used 588K, capacity 616K, committed 640K, reserved 1048576K
}
Event: 8,898 GC heap before
{Heap before GC invocations=6 (full 0):
 PSYoungGen      total 64000K, used 63987K [0x00000000eab00000, 0x00000000f3f00000, 0x0000000100000000)
  eden space 61440K, 100% used [0x00000000eab00000,0x00000000ee700000,0x00000000ee700000)
  from space 2560K, 99% used [0x00000000ee700000,0x00000000ee97cea8,0x00000000ee980000)
  to   space 14336K, 0% used [0x00000000f3100000,0x00000000f3100000,0x00000000f3f00000)
 ParOldGen       total 40960K, used 20817K [0x00000000c0000000, 0x00000000c2800000, 0x00000000eab00000)
  object space 40960K, 50% used [0x00000000c0000000,0x00000000c14546e8,0x00000000c2800000)
 Metaspace       used 6188K, capacity 7088K, committed 7296K, reserved 1056768K
  class space    used 588K, capacity 616K, committed 640K, reserved 1048576K
Event: 8,992 GC heap after
Heap after GC invocations=6 (full 0):
 PSYoungGen      total 134656K, used 12994K [0x00000000eab00000, 0x00000000f4400000, 0x0000000100000000)
  eden space 120320K, 0% used [0x00000000eab00000,0x00000000eab00000,0x00000000f2080000)
  from space 14336K, 90% used [0x00000000f3100000,0x00000000f3db0870,0x00000000f3f00000)
  to   space 16896K, 0% used [0x00000000f2080000,0x00000000f2080000,0x00000000f3100000)
 ParOldGen       total 40960K, used 20817K [0x00000000c0000000, 0x00000000c2800000, 0x00000000eab00000)
  object space 40960K, 50% used [0x00000000c0000000,0x00000000c14546e8,0x00000000c2800000)
 Metaspace       used 6188K, capacity 7088K, committed 7296K, reserved 1056768K
  class space    used 588K, capacity 616K, committed 640K, reserved 1048576K
}
Event: 10,594 GC heap before
{Heap before GC invocations=7 (full 0):
 PSYoungGen      total 134656K, used 133314K [0x00000000eab00000, 0x00000000f4400000, 0x0000000100000000)
  eden space 120320K, 100% used [0x00000000eab00000,0x00000000f2080000,0x00000000f2080000)
  from space 14336K, 90% used [0x00000000f3100000,0x00000000f3db0870,0x00000000f3f00000)
  to   space 16896K, 0% used [0x00000000f2080000,0x00000000f2080000,0x00000000f3100000)
 ParOldGen       total 40960K, used 20817K [0x00000000c0000000, 0x00000000c2800000, 0x00000000eab00000)
  object space 40960K, 50% used [0x00000000c0000000,0x00000000c14546e8,0x00000000c2800000)
 Metaspace       used 6377K, capacity 7152K, committed 7296K, reserved 1056768K
  class space    used 594K, capacity 616K, committed 640K, reserved 1048576K

Deoptimization events (10 events):
Event: 9,812 Thread 0x00007fa81c00a000 Uncommon trap: reason=bimorphic action=maybe_recompile pc=0x00007fa80d587aa4 method=com.android.dx.cf.code.BytecodeArray.parseInstruction(ILcom/android/dx/cf/code/BytecodeArray$Visitor;)I @ 1501
Event: 9,840 Thread 0x00007fa81c15a800 Uncommon trap: reason=bimorphic action=maybe_recompile pc=0x00007fa80d587aa4 method=com.android.dx.cf.code.BytecodeArray.parseInstruction(ILcom/android/dx/cf/code/BytecodeArray$Visitor;)I @ 1501
Event: 9,840 Thread 0x00007fa81c15a800 Uncommon trap: reason=bimorphic action=maybe_recompile pc=0x00007fa80d587aa4 method=com.android.dx.cf.code.BytecodeArray.parseInstruction(ILcom/android/dx/cf/code/BytecodeArray$Visitor;)I @ 1501
Event: 10,163 Thread 0x00007fa81c15a800 Uncommon trap: reason=unstable_if action=reinterpret pc=0x00007fa80d53430c method=com.android.dx.ssa.SCCP.simulateStmt(Lcom/android/dx/ssa/SsaInsn;)V @ 59
Event: 10,380 Thread 0x00007fa81c00a000 Uncommon trap: reason=class_check action=maybe_recompile pc=0x00007fa80d4d8d3c method=java.util.Arrays.hashCode([Ljava/lang/Object;)I @ 43
Event: 10,380 Thread 0x00007fa81c00a000 Uncommon trap: reason=class_check action=maybe_recompile pc=0x00007fa80d4d8d3c method=java.util.Arrays.hashCode([Ljava/lang/Object;)I @ 43
Event: 10,395 Thread 0x00007fa81c00a000 Uncommon trap: reason=class_check action=maybe_recompile pc=0x00007fa80d4d8d3c method=java.util.Arrays.hashCode([Ljava/lang/Object;)I @ 43
Event: 10,395 Thread 0x00007fa81c00a000 Uncommon trap: reason=class_check action=maybe_recompile pc=0x00007fa80d4d8d3c method=java.util.Arrays.hashCode([Ljava/lang/Object;)I @ 43
Event: 10,395 Thread 0x00007fa81c00a000 Uncommon trap: reason=class_check action=maybe_recompile pc=0x00007fa80d470174 method=java.util.Arrays.hashCode([Ljava/lang/Object;)I @ 43
Event: 10,529 Thread 0x00007fa81c00a000 Uncommon trap: reason=unstable_if action=reinterpret pc=0x00007fa80d52d6a8 method=java.util.HashMap.putVal(ILjava/lang/Object;Ljava/lang/Object;ZZ)Ljava/lang/Object; @ 206

Internal exceptions (3 events):
Event: 1,122 Thread 0x00007fa81c00a000 Exception <a 'java/lang/NoSuchMethodError': Method sun.misc.Unsafe.defineClass(Ljava/lang/String;[BII)Ljava/lang/Class; name or signature does not match> (0x00000000eab07cc0) thrown at [/HUDSON/workspace/8-2-build-linux-amd64/jdk8u77/6540/hotspot/src/shar
Event: 1,128 Thread 0x00007fa81c00a000 Exception <a 'java/lang/NoSuchMethodError': Method sun.misc.Unsafe.prefetchRead(Ljava/lang/Object;J)V name or signature does not match> (0x00000000eab07fa8) thrown at [/HUDSON/workspace/8-2-build-linux-amd64/jdk8u77/6540/hotspot/src/share/vm/prims/jni.cpp
Event: 5,085 Thread 0x00007fa81c16d000 Implicit null exception at 0x00007fa80d3426a2 to 0x00007fa80d342793

Events (10 events):
Event: 10,529 Thread 0x00007fa81c00a000 DEOPT UNPACKING pc=0x00007fa80d005229 sp=0x00007fa823e55230 mode 2
Event: 10,548 Thread 0x00007fa81c00a000 DEOPT PACKING pc=0x00007fa80d759eb4 sp=0x00007fa823e553c0
Event: 10,548 Thread 0x00007fa81c00a000 DEOPT UNPACKING pc=0x00007fa80d047233 sp=0x00007fa823e55170 mode 0
Event: 10,580 Thread 0x00007fa81c00a000 DEOPT PACKING pc=0x00007fa80d55e505 sp=0x00007fa823e553c0
Event: 10,580 Thread 0x00007fa81c00a000 DEOPT UNPACKING pc=0x00007fa80d047233 sp=0x00007fa823e55110 mode 0
Event: 10,585 Thread 0x00007fa81c00a000 DEOPT PACKING pc=0x00007fa80d75ab84 sp=0x00007fa823e553f0
Event: 10,585 Thread 0x00007fa81c00a000 DEOPT UNPACKING pc=0x00007fa80d047233 sp=0x00007fa823e55160 mode 0
Event: 10,591 Thread 0x00007fa81c00a000 DEOPT PACKING pc=0x00007fa80d756758 sp=0x00007fa823e552e0
Event: 10,591 Thread 0x00007fa81c00a000 DEOPT UNPACKING pc=0x00007fa80d047233 sp=0x00007fa823e550a8 mode 0
Event: 10,594 Executing VM operation: ParallelGCFailedAllocation


Dynamic libraries:
00400000-00401000 r-xp 00000000 08:05 929822                             /usr/local/java/jdk1.8.0_77/bin/java
00600000-00601000 rw-p 00000000 08:05 929822                             /usr/local/java/jdk1.8.0_77/bin/java
0074e000-00791000 rw-p 00000000 00:00 0                                  [heap]
c0000000-c2800000 rw-p 00000000 00:00 0 
c2800000-eab00000 ---p 00000000 00:00 0 
eab00000-f4400000 rw-p 00000000 00:00 0 
fca00000-100000000 ---p 00000000 00:00 0 
100000000-1000a0000 rw-p 00000000 00:00 0 
1000a0000-140000000 ---p 00000000 00:00 0 
7fa7cc000000-7fa7cc021000 rw-p 00000000 00:00 0 
7fa7cc021000-7fa7d0000000 ---p 00000000 00:00 0 
7fa7d4000000-7fa7d4021000 rw-p 00000000 00:00 0 
7fa7d4021000-7fa7d8000000 ---p 00000000 00:00 0 
7fa7d8000000-7fa7d8021000 rw-p 00000000 00:00 0 
7fa7d8021000-7fa7dc000000 ---p 00000000 00:00 0 
7fa7dc000000-7fa7dc021000 rw-p 00000000 00:00 0 
7fa7dc021000-7fa7e0000000 ---p 00000000 00:00 0 
7fa7e0000000-7fa7e0033000 rw-p 00000000 00:00 0 
7fa7e0033000-7fa7e4000000 ---p 00000000 00:00 0 
7fa7e4000000-7fa7e472d000 rw-p 00000000 00:00 0 
7fa7e472d000-7fa7e8000000 ---p 00000000 00:00 0 
7fa7e8000000-7fa7e8021000 rw-p 00000000 00:00 0 
7fa7e8021000-7fa7ec000000 ---p 00000000 00:00 0 
7fa7ec000000-7fa7ec021000 rw-p 00000000 00:00 0 
7fa7ec021000-7fa7f0000000 ---p 00000000 00:00 0 
7fa7f0000000-7fa7f1734000 rw-p 00000000 00:00 0 
7fa7f1734000-7fa7f4000000 ---p 00000000 00:00 0 
7fa7f4000000-7fa7f4021000 rw-p 00000000 00:00 0 
7fa7f4021000-7fa7f8000000 ---p 00000000 00:00 0 
7fa7f8000000-7fa7f8021000 rw-p 00000000 00:00 0 
7fa7f8021000-7fa7fc000000 ---p 00000000 00:00 0 
7fa7fc000000-7fa7fc021000 rw-p 00000000 00:00 0 
7fa7fc021000-7fa800000000 ---p 00000000 00:00 0 
7fa800000000-7fa80028e000 rw-p 00000000 00:00 0 
7fa80028e000-7fa804000000 ---p 00000000 00:00 0 
7fa804000000-7fa804021000 rw-p 00000000 00:00 0 
7fa804021000-7fa808000000 ---p 00000000 00:00 0 
7fa808bae000-7fa808bd4000 r--p 00000000 08:05 1200655                    /usr/share/locale-langpack/es/LC_MESSAGES/libc.mo
7fa808bd4000-7fa808bd7000 ---p 00000000 00:00 0 
7fa808bd7000-7fa808cd5000 rw-p 00000000 00:00 0 
7fa808cd5000-7fa808cd8000 ---p 00000000 00:00 0 
7fa808cd8000-7fa808dd6000 rw-p 00000000 00:00 0 
7fa808dd6000-7fa808dd9000 ---p 00000000 00:00 0 
7fa808dd9000-7fa808ed7000 rw-p 00000000 00:00 0 
7fa808ed7000-7fa808eda000 ---p 00000000 00:00 0 
7fa808eda000-7fa808fd8000 rw-p 00000000 00:00 0 
7fa808fd8000-7fa808fdb000 ---p 00000000 00:00 0 
7fa808fdb000-7fa8090d9000 rw-p 00000000 00:00 0 
7fa8090ed000-7fa8090ee000 ---p 00000000 00:00 0 
7fa8090ee000-7fa8091ee000 rw-p 00000000 00:00 0                          [stack:6444]
7fa8091ee000-7fa8091f1000 ---p 00000000 00:00 0 
7fa8091f1000-7fa8092ef000 rw-p 00000000 00:00 0                          [stack:6442]
7fa8092ef000-7fa8092f2000 ---p 00000000 00:00 0 
7fa8092f2000-7fa8093f0000 rw-p 00000000 00:00 0                          [stack:6441]
7fa8093f0000-7fa8093f3000 ---p 00000000 00:00 0 
7fa8093f3000-7fa8094f1000 rw-p 00000000 00:00 0                          [stack:6440]
7fa8094f1000-7fa8094f4000 ---p 00000000 00:00 0 
7fa8094f4000-7fa8095f2000 rw-p 00000000 00:00 0                          [stack:6436]
7fa8095f2000-7fa809cd4000 r--p 00000000 08:05 925767                     /usr/lib/locale/locale-archive
7fa809cd4000-7fa809cd7000 ---p 00000000 00:00 0 
7fa809cd7000-7fa809dd5000 rw-p 00000000 00:00 0                          [stack:6435]
7fa809dd5000-7fa809dd8000 ---p 00000000 00:00 0 
7fa809dd8000-7fa809ed6000 rw-p 00000000 00:00 0                          [stack:6432]
7fa809ed6000-7fa809ed7000 ---p 00000000 00:00 0 
7fa809ed7000-7fa80ae80000 rw-p 00000000 00:00 0                          [stack:6430]
7fa80ae80000-7fa80b000000 ---p 00000000 00:00 0 
7fa80b000000-7fa80d000000 rw-p 00000000 00:00 0 
7fa80d000000-7fa80d770000 rwxp 00000000 00:00 0 
7fa80d770000-7fa81c000000 ---p 00000000 00:00 0 
7fa81c000000-7fa81c39d000 rw-p 00000000 00:00 0 
7fa81c39d000-7fa820000000 ---p 00000000 00:00 0 
7fa820010000-7fa82001f000 r--s 000df000 00:26 1327077                    /home/dania/Android/Sdk/build-tools/23.0.3/lib/dx.jar
7fa82001f000-7fa82016f000 rw-p 00000000 00:00 0 
7fa82016f000-7fa820347000 r--s 03d1e000 08:05 944282                     /usr/local/java/jdk1.8.0_77/jre/lib/rt.jar
7fa820347000-7fa8205bd000 rw-p 00000000 00:00 0 
7fa8205bd000-7fa8205be000 ---p 00000000 00:00 0 
7fa8205be000-7fa8206be000 rw-p 00000000 00:00 0                          [stack:6428]
7fa8206be000-7fa8206bf000 ---p 00000000 00:00 0 
7fa8206bf000-7fa8207d3000 rw-p 00000000 00:00 0                          [stack:6427]
7fa8207d3000-7fa820915000 ---p 00000000 00:00 0 
7fa820915000-7fa820929000 rw-p 00000000 00:00 0 
7fa820929000-7fa820a6a000 ---p 00000000 00:00 0 
7fa820a6a000-7fa820ab7000 rw-p 00000000 00:00 0 
7fa820ab7000-7fa820b15000 ---p 00000000 00:00 0 
7fa820b15000-7fa820b34000 rw-p 00000000 00:00 0 
7fa820b34000-7fa820ed6000 ---p 00000000 00:00 0 
7fa820ed6000-7fa820ef0000 r-xp 00000000 08:05 944484                     /usr/local/java/jdk1.8.0_77/jre/lib/amd64/libzip.so
7fa820ef0000-7fa8210f0000 ---p 0001a000 08:05 944484                     /usr/local/java/jdk1.8.0_77/jre/lib/amd64/libzip.so
7fa8210f0000-7fa8210f1000 rw-p 0001a000 08:05 944484                     /usr/local/java/jdk1.8.0_77/jre/lib/amd64/libzip.so
7fa8210f1000-7fa8210fc000 r-xp 00000000 08:05 414581                     /lib/x86_64-linux-gnu/libnss_files-2.19.so
7fa8210fc000-7fa8212fb000 ---p 0000b000 08:05 414581                     /lib/x86_64-linux-gnu/libnss_files-2.19.so
7fa8212fb000-7fa8212fc000 r--p 0000a000 08:05 414581                     /lib/x86_64-linux-gnu/libnss_files-2.19.so
7fa8212fc000-7fa8212fd000 rw-p 0000b000 08:05 414581                     /lib/x86_64-linux-gnu/libnss_files-2.19.so
7fa8212fd000-7fa821308000 r-xp 00000000 08:05 411101                     /lib/x86_64-linux-gnu/libnss_nis-2.19.so
7fa821308000-7fa821507000 ---p 0000b000 08:05 411101                     /lib/x86_64-linux-gnu/libnss_nis-2.19.so
7fa821507000-7fa821508000 r--p 0000a000 08:05 411101                     /lib/x86_64-linux-gnu/libnss_nis-2.19.so
7fa821508000-7fa821509000 rw-p 0000b000 08:05 411101                     /lib/x86_64-linux-gnu/libnss_nis-2.19.so
7fa821509000-7fa821520000 r-xp 00000000 08:05 410752                     /lib/x86_64-linux-gnu/libnsl-2.19.so
7fa821520000-7fa82171f000 ---p 00017000 08:05 410752                     /lib/x86_64-linux-gnu/libnsl-2.19.so
7fa82171f000-7fa821720000 r--p 00016000 08:05 410752                     /lib/x86_64-linux-gnu/libnsl-2.19.so
7fa821720000-7fa821721000 rw-p 00017000 08:05 410752                     /lib/x86_64-linux-gnu/libnsl-2.19.so
7fa821721000-7fa821723000 rw-p 00000000 00:00 0 
7fa821723000-7fa82172c000 r-xp 00000000 08:05 410750                     /lib/x86_64-linux-gnu/libnss_compat-2.19.so
7fa82172c000-7fa82192b000 ---p 00009000 08:05 410750                     /lib/x86_64-linux-gnu/libnss_compat-2.19.so
7fa82192b000-7fa82192c000 r--p 00008000 08:05 410750                     /lib/x86_64-linux-gnu/libnss_compat-2.19.so
7fa82192c000-7fa82192d000 rw-p 00009000 08:05 410750                     /lib/x86_64-linux-gnu/libnss_compat-2.19.so
7fa82192d000-7fa821957000 r-xp 00000000 08:05 944479                     /usr/local/java/jdk1.8.0_77/jre/lib/amd64/libjava.so
7fa821957000-7fa821b57000 ---p 0002a000 08:05 944479                     /usr/local/java/jdk1.8.0_77/jre/lib/amd64/libjava.so
7fa821b57000-7fa821b59000 rw-p 0002a000 08:05 944479                     /usr/local/java/jdk1.8.0_77/jre/lib/amd64/libjava.so
7fa821b59000-7fa821b66000 r-xp 00000000 08:05 944483                     /usr/local/java/jdk1.8.0_77/jre/lib/amd64/libverify.so
7fa821b66000-7fa821d66000 ---p 0000d000 08:05 944483                     /usr/local/java/jdk1.8.0_77/jre/lib/amd64/libverify.so
7fa821d66000-7fa821d68000 rw-p 0000d000 08:05 944483                     /usr/local/java/jdk1.8.0_77/jre/lib/amd64/libverify.so
7fa821d68000-7fa821d6f000 r-xp 00000000 08:05 411255                     /lib/x86_64-linux-gnu/librt-2.19.so
7fa821d6f000-7fa821f6e000 ---p 00007000 08:05 411255                     /lib/x86_64-linux-gnu/librt-2.19.so
7fa821f6e000-7fa821f6f000 r--p 00006000 08:05 411255                     /lib/x86_64-linux-gnu/librt-2.19.so
7fa821f6f000-7fa821f70000 rw-p 00007000 08:05 411255                     /lib/x86_64-linux-gnu/librt-2.19.so
7fa821f70000-7fa822075000 r-xp 00000000 08:05 409673                     /lib/x86_64-linux-gnu/libm-2.19.so
7fa822075000-7fa822274000 ---p 00105000 08:05 409673                     /lib/x86_64-linux-gnu/libm-2.19.so
7fa822274000-7fa822275000 r--p 00104000 08:05 409673                     /lib/x86_64-linux-gnu/libm-2.19.so
7fa822275000-7fa822276000 rw-p 00105000 08:05 409673                     /lib/x86_64-linux-gnu/libm-2.19.so
7fa822276000-7fa822f35000 r-xp 00000000 08:05 944462                     /usr/local/java/jdk1.8.0_77/jre/lib/amd64/server/libjvm.so
7fa822f35000-7fa823134000 ---p 00cbf000 08:05 944462                     /usr/local/java/jdk1.8.0_77/jre/lib/amd64/server/libjvm.so
7fa823134000-7fa82320d000 rw-p 00cbe000 08:05 944462                     /usr/local/java/jdk1.8.0_77/jre/lib/amd64/server/libjvm.so
7fa82320d000-7fa823256000 rw-p 00000000 00:00 0 
7fa823256000-7fa823411000 r-xp 00000000 08:05 411257                     /lib/x86_64-linux-gnu/libc-2.19.so
7fa823411000-7fa823610000 ---p 001bb000 08:05 411257                     /lib/x86_64-linux-gnu/libc-2.19.so
7fa823610000-7fa823614000 r--p 001ba000 08:05 411257                     /lib/x86_64-linux-gnu/libc-2.19.so
7fa823614000-7fa823616000 rw-p 001be000 08:05 411257                     /lib/x86_64-linux-gnu/libc-2.19.so
7fa823616000-7fa82361b000 rw-p 00000000 00:00 0 
7fa82361b000-7fa82361e000 r-xp 00000000 08:05 409675                     /lib/x86_64-linux-gnu/libdl-2.19.so
7fa82361e000-7fa82381d000 ---p 00003000 08:05 409675                     /lib/x86_64-linux-gnu/libdl-2.19.so
7fa82381d000-7fa82381e000 r--p 00002000 08:05 409675                     /lib/x86_64-linux-gnu/libdl-2.19.so
7fa82381e000-7fa82381f000 rw-p 00003000 08:05 409675                     /lib/x86_64-linux-gnu/libdl-2.19.so
7fa82381f000-7fa823834000 r-xp 00000000 08:05 944097                     /usr/local/java/jdk1.8.0_77/lib/amd64/jli/libjli.so
7fa823834000-7fa823a34000 ---p 00015000 08:05 944097                     /usr/local/java/jdk1.8.0_77/lib/amd64/jli/libjli.so
7fa823a34000-7fa823a35000 rw-p 00015000 08:05 944097                     /usr/local/java/jdk1.8.0_77/lib/amd64/jli/libjli.so
7fa823a35000-7fa823a4e000 r-xp 00000000 08:05 410753                     /lib/x86_64-linux-gnu/libpthread-2.19.so
7fa823a4e000-7fa823c4d000 ---p 00019000 08:05 410753                     /lib/x86_64-linux-gnu/libpthread-2.19.so
7fa823c4d000-7fa823c4e000 r--p 00018000 08:05 410753                     /lib/x86_64-linux-gnu/libpthread-2.19.so
7fa823c4e000-7fa823c4f000 rw-p 00019000 08:05 410753                     /lib/x86_64-linux-gnu/libpthread-2.19.so
7fa823c4f000-7fa823c53000 rw-p 00000000 00:00 0 
7fa823c53000-7fa823c76000 r-xp 00000000 08:05 411098                     /lib/x86_64-linux-gnu/ld-2.19.so
7fa823c7d000-7fa823d56000 rw-p 00000000 00:00 0 
7fa823d56000-7fa823d59000 ---p 00000000 00:00 0 
7fa823d59000-7fa823e5b000 rw-p 00000000 00:00 0                          [stack:6421]
7fa823e61000-7fa823e62000 rw-p 00000000 00:00 0 
7fa823e62000-7fa823e69000 r--s 00000000 08:05 1210642                    /usr/lib/x86_64-linux-gnu/gconv/gconv-modules.cache
7fa823e69000-7fa823e71000 rw-s 00000000 08:05 1211173                    /tmp/hsperfdata_dania/6414
7fa823e71000-7fa823e72000 rw-p 00000000 00:00 0 
7fa823e72000-7fa823e73000 ---p 00000000 00:00 0 
7fa823e73000-7fa823e75000 rw-p 00000000 00:00 0 
7fa823e75000-7fa823e76000 r--p 00022000 08:05 411098                     /lib/x86_64-linux-gnu/ld-2.19.so
7fa823e76000-7fa823e77000 rw-p 00023000 08:05 411098                     /lib/x86_64-linux-gnu/ld-2.19.so
7fa823e77000-7fa823e78000 rw-p 00000000 00:00 0 
7ffcb40dd000-7ffcb40ff000 rw-p 00000000 00:00 0                          [stack]
7ffcb41b9000-7ffcb41bb000 r--p 00000000 00:00 0                          [vvar]
7ffcb41bb000-7ffcb41bd000 r-xp 00000000 00:00 0                          [vdso]
ffffffffff600000-ffffffffff601000 r-xp 00000000 00:00 0                  [vsyscall]

VM Arguments:
jvm_args: -Djava.awt.headless=true -Xmx1024M -Dfile.encoding=UTF-8 -Duser.country=CL -Duser.language=es -Duser.variant 
java_command: com.android.dx.command.Main --dex --force-jumbo --num-threads=4 --output /home/dania/AndroidStudioProjects/MyApplication/app/build/intermediates/pre-dexed/debug/com.google.android.gms-play-services-basement-8.1.0_1610206ca60ed8e780193812df45c5fd4f092043.jar /home/dania/AndroidStudioProjects/MyApplication/app/build/intermediates/exploded-aar/com.google.android.gms/play-services-basement/8.1.0/jars/classes.jar
java_class_path (initial): /home/dania/Android/Sdk/build-tools/23.0.3/lib/dx.jar
Launcher Type: SUN_STANDARD

Environment Variables:
JAVA_HOME=/usr/local/java/jdk1.8.0_77
PATH=/home/dania/.rvm/gems/ruby-2.2.1/bin:/home/dania/.rvm/gems/ruby-2.2.1@global/bin:/home/dania/.rvm/rubies/ruby-2.2.1/bin:/usr/local/sbin:/usr/local/bin:/usr/sbin:/usr/bin:/sbin:/bin:/usr/games:/usr/local/games:/usr/lib/jvm/java-7-oracle/bin:/usr/lib/jvm/java-7-oracle/db/bin:/usr/lib/jvm/java-7-oracle/jre/bin:/usr/local/java/jdk1.8.0_77/bin:/home/dania/Library/apache-maven-3.3.9/bin:/home/dania/Library/gradle-2.12/bin:/home/dania/Library/glassfish4/glassfish/bin:/home/dania/.rvm/bin:/usr/lib/jvm/java-7-oracle/bin:/usr/lib/jvm/java-7-oracle/db/bin:/usr/lib/jvm/java-7-oracle/jre/bin:/usr/local/java/jdk1.8.0_77/bin:/home/dania/Library/apache-maven-3.3.9/bin:/home/dania/Library/gradle-2.12/bin:/home/dania/Library/glassfish4/glassfish/bin:/home/dania/.rvm/bin:/home/dania/.rvm/bin
LD_LIBRARY_PATH=.:
SHELL=/bin/bash
DISPLAY=:0

Signal Handlers:
SIGSEGV: [libjvm.so+0xabb070], sa_mask[0]=11111111011111111101111111111110, sa_flags=SA_RESTART|SA_SIGINFO
SIGBUS: [libjvm.so+0xabb070], sa_mask[0]=11111111011111111101111111111110, sa_flags=SA_RESTART|SA_SIGINFO
SIGFPE: [libjvm.so+0x918480], sa_mask[0]=11111111011111111101111111111110, sa_flags=SA_RESTART|SA_SIGINFO
SIGPIPE: [libjvm.so+0x918480], sa_mask[0]=11111111011111111101111111111110, sa_flags=SA_RESTART|SA_SIGINFO
SIGXFSZ: [libjvm.so+0x918480], sa_mask[0]=11111111011111111101111111111110, sa_flags=SA_RESTART|SA_SIGINFO
SIGILL: [libjvm.so+0x918480], sa_mask[0]=11111111011111111101111111111110, sa_flags=SA_RESTART|SA_SIGINFO
SIGUSR1: SIG_DFL, sa_mask[0]=00000000000000000000000000000000, sa_flags=none
SIGUSR2: [libjvm.so+0x919ab0], sa_mask[0]=00100000000000000000000000000000, sa_flags=SA_RESTART|SA_SIGINFO
SIGHUP: [libjvm.so+0x91aeb0], sa_mask[0]=11111111011111111101111111111110, sa_flags=SA_RESTART|SA_SIGINFO
SIGINT: [libjvm.so+0x91aeb0], sa_mask[0]=11111111011111111101111111111110, sa_flags=SA_RESTART|SA_SIGINFO
SIGTERM: [libjvm.so+0x91aeb0], sa_mask[0]=11111111011111111101111111111110, sa_flags=SA_RESTART|SA_SIGINFO
SIGQUIT: [libjvm.so+0x91aeb0], sa_mask[0]=11111111011111111101111111111110, sa_flags=SA_RESTART|SA_SIGINFO


---------------  S Y S T E M  ---------------

OS:DISTRIB_ID=Ubuntu
DISTRIB_RELEASE=14.04
DISTRIB_CODENAME=trusty
DISTRIB_DESCRIPTION="Ubuntu 14.04.3 LTS"

uname:Linux 3.19.0-25-generic #26~14.04.1-Ubuntu SMP Fri Jul 24 21:16:20 UTC 2015 x86_64
libc:glibc 2.19 NPTL 2.19 
rlimit: STACK 8192k, CORE 0k, NPROC 15213, NOFILE 4096, AS infinity
load average:7,36 3,44 2,41

/proc/meminfo:
MemTotal:        3925428 kB
MemFree:          112344 kB
MemAvailable:      77060 kB
Buffers:             760 kB
Cached:           395252 kB
SwapCached:            0 kB
Active:          3273024 kB
Inactive:         358904 kB
Active(anon):    3246500 kB
Inactive(anon):   327196 kB
Active(file):      26524 kB
Inactive(file):    31708 kB
Unevictable:          56 kB
Mlocked:              56 kB
SwapTotal:             0 kB
SwapFree:              0 kB
Dirty:               204 kB
Writeback:             0 kB
AnonPages:       3236196 kB
Mapped:           175196 kB
Shmem:            337572 kB
Slab:              88416 kB
SReclaimable:      40140 kB
SUnreclaim:        48276 kB
KernelStack:       11584 kB
PageTables:        44224 kB
NFS_Unstable:          0 kB
Bounce:                0 kB
WritebackTmp:          0 kB
CommitLimit:     1962712 kB
Committed_AS:    7431476 kB
VmallocTotal:   34359738367 kB
VmallocUsed:      545776 kB
VmallocChunk:   34359164056 kB
HardwareCorrupted:     0 kB
AnonHugePages:   1294336 kB
CmaTotal:              0 kB
CmaFree:               0 kB
HugePages_Total:       0
HugePages_Free:        0
HugePages_Rsvd:        0
HugePages_Surp:        0
Hugepagesize:       2048 kB
DirectMap4k:      153088 kB
DirectMap2M:     3919872 kB
DirectMap1G:           0 kB


CPU:total 2 (2 cores per cpu, 1 threads per core) family 6 model 69 stepping 1, cmov, cx8, fxsr, mmx, sse, sse2, sse3, ssse3, sse4.1, sse4.2, popcnt, clmul, erms, lzcnt, tsc, tscinvbit

/proc/cpuinfo:
processor	: 0
vendor_id	: GenuineIntel
cpu family	: 6
model		: 69
model name	: Intel(R) Pentium(R) 3556U @ 1.70GHz
stepping	: 1
microcode	: 0x17
cpu MHz		: 1700.000
cache size	: 2048 KB
physical id	: 0
siblings	: 2
core id		: 0
cpu cores	: 2
apicid		: 0
initial apicid	: 0
fpu		: yes
fpu_exception	: yes
cpuid level	: 13
wp		: yes
flags		: fpu vme de pse tsc msr pae mce cx8 apic sep mtrr pge mca cmov pat pse36 clflush dts acpi mmx fxsr sse sse2 ss ht tm pbe syscall nx pdpe1gb rdtscp lm constant_tsc arch_perfmon pebs bts rep_good nopl xtopology nonstop_tsc aperfmperf eagerfpu pni pclmulqdq dtes64 monitor ds_cpl vmx est tm2 ssse3 cx16 xtpr pdcm pcid sse4_1 sse4_2 movbe popcnt tsc_deadline_timer xsave rdrand lahf_lm abm ida arat epb pln pts dtherm tpr_shadow vnmi flexpriority ept vpid fsgsbase tsc_adjust erms invpcid xsaveopt
bugs		:
bogomips	: 3392.21
clflush size	: 64
cache_alignment	: 64
address sizes	: 39 bits physical, 48 bits virtual
power management:

processor	: 1
vendor_id	: GenuineIntel
cpu family	: 6
model		: 69
model name	: Intel(R) Pentium(R) 3556U @ 1.70GHz
stepping	: 1
microcode	: 0x17
cpu MHz		: 1684.527
cache size	: 2048 KB
physical id	: 0
siblings	: 2
core id		: 1
cpu cores	: 2
apicid		: 2
initial apicid	: 2
fpu		: yes
fpu_exception	: yes
cpuid level	: 13
wp		: yes
flags		: fpu vme de pse tsc msr pae mce cx8 apic sep mtrr pge mca cmov pat pse36 clflush dts acpi mmx fxsr sse sse2 ss ht tm pbe syscall nx pdpe1gb rdtscp lm constant_tsc arch_perfmon pebs bts rep_good nopl xtopology nonstop_tsc aperfmperf eagerfpu pni pclmulqdq dtes64 monitor ds_cpl vmx est tm2 ssse3 cx16 xtpr pdcm pcid sse4_1 sse4_2 movbe popcnt tsc_deadline_timer xsave rdrand lahf_lm abm ida arat epb pln pts dtherm tpr_shadow vnmi flexpriority ept vpid fsgsbase tsc_adjust erms invpcid xsaveopt
bugs		:
bogomips	: 3392.21
clflush size	: 64
cache_alignment	: 64
address sizes	: 39 bits physical, 48 bits virtual
power management:



Memory: 4k page, physical 3925428k(112344k free), swap 0k(0k free)

vm_info: Java HotSpot(TM) 64-Bit Server VM (25.77-b03) for linux-amd64 JRE (1.8.0_77-b03), built on Mar 20 2016 22:00:46 by "java_re" with gcc 4.3.0 20080428 (Red Hat 4.3.0-8)

time: Sat May 21 23:16:39 2016
elapsed time: 19 seconds (0d 0h 0m 19s)

